<?xml version="1.0" encoding="UTF-8"?>
<testsuite name="backend.PessoaRepositoryTest" tests="4" skipped="0" failures="0" errors="0" timestamp="2016-02-24T15:47:50" hostname="D-FOR-GEO-06" time="0.193">
  <properties/>
  <testcase name="deveRemover" classname="backend.PessoaRepositoryTest" time="0.072"/>
  <testcase name="deveEditar" classname="backend.PessoaRepositoryTest" time="0.021"/>
  <testcase name="deveListar" classname="backend.PessoaRepositoryTest" time="0.098"/>
  <testcase name="deveSalvar" classname="backend.PessoaRepositoryTest" time="0.002"/>
  <system-out><![CDATA[12:47:48.518 [Test worker] DEBUG o.s.t.c.j.SpringJUnit4ClassRunner - SpringJUnit4ClassRunner constructor called with [class backend.PessoaRepositoryTest]
12:47:48.525 [Test worker] DEBUG o.s.test.context.BootstrapUtils - Instantiating TestContextBootstrapper from class [org.springframework.test.context.support.DefaultTestContextBootstrapper]
12:47:48.534 [Test worker] DEBUG o.s.t.c.s.DefaultTestContextBootstrapper - Found explicit ContextLoader class [org.springframework.boot.test.SpringApplicationContextLoader] for context configuration attributes [ContextConfigurationAttributes@6253eada declaringClass = 'backend.PessoaRepositoryTest', classes = '{class backend.Deploy}', locations = '{}', inheritLocations = true, initializers = '{}', inheritInitializers = true, name = [null], contextLoaderClass = 'org.springframework.boot.test.SpringApplicationContextLoader']
12:47:48.538 [Test worker] DEBUG o.s.t.c.support.ActiveProfilesUtils - Could not find an 'annotation declaring class' for annotation type [org.springframework.test.context.ActiveProfiles] and class [backend.PessoaRepositoryTest]
12:47:48.541 [Test worker] DEBUG o.s.t.c.s.DefaultTestContextBootstrapper - @TestExecutionListeners is not present for class [backend.PessoaRepositoryTest]: using defaults.
12:47:48.546 [Test worker] INFO  o.s.t.c.s.DefaultTestContextBootstrapper - Loaded default TestExecutionListener class names from location [META-INF/spring.factories]: [org.springframework.test.context.web.ServletTestExecutionListener, org.springframework.test.context.support.DependencyInjectionTestExecutionListener, org.springframework.test.context.support.DirtiesContextTestExecutionListener, org.springframework.test.context.transaction.TransactionalTestExecutionListener, org.springframework.test.context.jdbc.SqlScriptsTestExecutionListener]
12:47:48.555 [Test worker] INFO  o.s.t.c.s.DefaultTestContextBootstrapper - Using TestExecutionListeners: [org.springframework.test.context.web.ServletTestExecutionListener@30718597, org.springframework.test.context.support.DependencyInjectionTestExecutionListener@28889782, org.springframework.test.context.support.DirtiesContextTestExecutionListener@36b99060, org.springframework.test.context.transaction.TransactionalTestExecutionListener@7590940b, org.springframework.test.context.jdbc.SqlScriptsTestExecutionListener@49f1ea13]
12:47:48.556 [Test worker] DEBUG o.s.t.annotation.ProfileValueUtils - Retrieved @ProfileValueSourceConfiguration [null] for test class [backend.PessoaRepositoryTest]
12:47:48.557 [Test worker] DEBUG o.s.t.annotation.ProfileValueUtils - Retrieved ProfileValueSource type [class org.springframework.test.annotation.SystemProfileValueSource] for class [backend.PessoaRepositoryTest]
12:47:48.559 [Test worker] DEBUG o.s.t.annotation.ProfileValueUtils - Retrieved @ProfileValueSourceConfiguration [null] for test class [backend.PessoaRepositoryTest]
12:47:48.559 [Test worker] DEBUG o.s.t.annotation.ProfileValueUtils - Retrieved ProfileValueSource type [class org.springframework.test.annotation.SystemProfileValueSource] for class [backend.PessoaRepositoryTest]
12:47:48.559 [Test worker] DEBUG o.s.t.annotation.ProfileValueUtils - Retrieved @ProfileValueSourceConfiguration [null] for test class [backend.PessoaRepositoryTest]
12:47:48.559 [Test worker] DEBUG o.s.t.annotation.ProfileValueUtils - Retrieved ProfileValueSource type [class org.springframework.test.annotation.SystemProfileValueSource] for class [backend.PessoaRepositoryTest]
12:47:48.560 [Test worker] DEBUG o.s.t.annotation.ProfileValueUtils - Retrieved @ProfileValueSourceConfiguration [null] for test class [backend.PessoaRepositoryTest]
12:47:48.560 [Test worker] DEBUG o.s.t.annotation.ProfileValueUtils - Retrieved ProfileValueSource type [class org.springframework.test.annotation.SystemProfileValueSource] for class [backend.PessoaRepositoryTest]
12:47:48.561 [Test worker] DEBUG o.s.t.c.s.DependencyInjectionTestExecutionListener - Performing dependency injection for test context [[DefaultTestContext@53e13c3e testClass = PessoaRepositoryTest, testInstance = backend.PessoaRepositoryTest@364679cb, testMethod = [null], testException = [null], mergedContextConfiguration = [MergedContextConfiguration@563cee42 testClass = PessoaRepositoryTest, locations = '{}', classes = '{class backend.Deploy}', contextInitializerClasses = '[]', activeProfiles = '{}', propertySourceLocations = '{}', propertySourceProperties = '{}', contextLoader = 'org.springframework.boot.test.SpringApplicationContextLoader', parent = [null]]]].
12:47:48.610 [Test worker] DEBUG o.s.core.env.StandardEnvironment - Adding [systemProperties] PropertySource with lowest search precedence
12:47:48.611 [Test worker] DEBUG o.s.core.env.StandardEnvironment - Adding [systemEnvironment] PropertySource with lowest search precedence
12:47:48.612 [Test worker] DEBUG o.s.core.env.StandardEnvironment - Initialized StandardEnvironment with PropertySources [systemProperties,systemEnvironment]
12:47:48.613 [Test worker] DEBUG o.s.core.env.StandardEnvironment - Adding [integrationTest] PropertySource with search precedence immediately lower than [systemEnvironment]

  .   ____          _            __ _ _
 /\\ / ___'_ __ _ _(_)_ __  __ _ \ \ \ \
( ( )\___ | '_ | '_| | '_ \/ _` | \ \ \ \
 \\/  ___)| |_)| | | | | || (_| |  ) ) ) )
  '  |____| .__|_| |_|_| |_\__, | / / / /
 =========|_|==============|___/=/_/_/_/
 :: Spring Boot ::        (v1.2.7.RELEASE)

2016-02-24 12:47:48.724  INFO 18676 --- [    Test worker] backend.PessoaRepositoryTest             : Starting PessoaRepositoryTest on D-FOR-GEO-06 with PID 18676 (/home/adrianobrito/env/github/stack-java-backend/build/classes/test started by adrianobrito in /home/adrianobrito/env/github/stack-java-backend)
2016-02-24 12:47:48.847  INFO 18676 --- [    Test worker] s.c.a.AnnotationConfigApplicationContext : Refreshing org.springframework.context.annotation.AnnotationConfigApplicationContext@53197ed6: startup date [Wed Feb 24 12:47:48 BRT 2016]; root of context hierarchy
2016-02-24 12:47:49.661  INFO 18676 --- [    Test worker] o.f.c.i.dbsupport.DbSupportFactory       : Database: jdbc:postgresql://localhost:5432/stack (PostgreSQL 9.1)
2016-02-24 12:47:49.692  INFO 18676 --- [    Test worker] o.f.core.internal.command.DbValidate     : Validated 1 migration (execution time 00:00.011s)
2016-02-24 12:47:49.702  INFO 18676 --- [    Test worker] o.f.core.internal.command.DbMigrate      : Current version of schema "public": 1
2016-02-24 12:47:49.726  INFO 18676 --- [    Test worker] o.f.core.internal.command.DbMigrate      : Schema "public" is up to date. No migration necessary.
2016-02-24 12:47:49.822  INFO 18676 --- [    Test worker] j.LocalContainerEntityManagerFactoryBean : Building JPA container EntityManagerFactory for persistence unit 'default'
2016-02-24 12:47:49.835  INFO 18676 --- [    Test worker] o.hibernate.jpa.internal.util.LogHelper  : HHH000204: Processing PersistenceUnitInfo [
	name: default
	...]
2016-02-24 12:47:49.876  INFO 18676 --- [    Test worker] org.hibernate.Version                    : HHH000412: Hibernate Core {4.3.11.Final}
2016-02-24 12:47:49.877  INFO 18676 --- [    Test worker] org.hibernate.cfg.Environment            : HHH000206: hibernate.properties not found
2016-02-24 12:47:49.878  INFO 18676 --- [    Test worker] org.hibernate.cfg.Environment            : HHH000021: Bytecode provider name : javassist
2016-02-24 12:47:49.994  INFO 18676 --- [    Test worker] o.hibernate.annotations.common.Version   : HCANN000001: Hibernate Commons Annotations {4.0.5.Final}
2016-02-24 12:47:50.077  INFO 18676 --- [    Test worker] org.hibernate.dialect.Dialect            : HHH000400: Using dialect: org.hibernate.dialect.PostgreSQLDialect
2016-02-24 12:47:50.084  INFO 18676 --- [    Test worker] o.h.e.jdbc.internal.LobCreatorBuilder    : HHH000424: Disabling contextual LOB creation as createClob() method threw error : java.lang.reflect.InvocationTargetException
2016-02-24 12:47:50.135  INFO 18676 --- [    Test worker] o.h.h.i.ast.ASTQueryTranslatorFactory    : HHH000397: Using ASTQueryTranslatorFactory
2016-02-24 12:47:50.854  INFO 18676 --- [    Test worker] backend.PessoaRepositoryTest             : Started PessoaRepositoryTest in 2.239 seconds (JVM running for 2.787)
Hibernate: select pessoa0_.id as id1_0_0_, pessoa0_.nome as nome2_0_0_ from pessoa pessoa0_ where pessoa0_.id=?
Hibernate: insert into pessoa (nome, id) values (?, ?)
Hibernate: select pessoa0_.id as id1_0_0_, pessoa0_.nome as nome2_0_0_ from pessoa pessoa0_ where pessoa0_.id=?
Hibernate: select pessoa0_.id as id1_0_0_, pessoa0_.nome as nome2_0_0_ from pessoa pessoa0_ where pessoa0_.id=?
Hibernate: delete from pessoa where id=?
Hibernate: select pessoa0_.id as id1_0_0_, pessoa0_.nome as nome2_0_0_ from pessoa pessoa0_ where pessoa0_.id=?
Hibernate: select pessoa0_.id as id1_0_0_, pessoa0_.nome as nome2_0_0_ from pessoa pessoa0_ where pessoa0_.id=?
Hibernate: insert into pessoa (nome, id) values (?, ?)
Hibernate: select pessoa0_.id as id1_0_0_, pessoa0_.nome as nome2_0_0_ from pessoa pessoa0_ where pessoa0_.id=?
Hibernate: select pessoa0_.id as id1_0_0_, pessoa0_.nome as nome2_0_0_ from pessoa pessoa0_ where pessoa0_.id=?
Hibernate: update pessoa set nome=? where id=?
Hibernate: select pessoa0_.id as id1_0_0_, pessoa0_.nome as nome2_0_0_ from pessoa pessoa0_ where pessoa0_.id=?
Hibernate: select pessoa0_.id as id1_0_0_, pessoa0_.nome as nome2_0_0_ from pessoa pessoa0_ where pessoa0_.id=?
Hibernate: update pessoa set nome=? where id=?
Hibernate: select pessoa0_.id as id1_0_, pessoa0_.nome as nome2_0_ from pessoa pessoa0_
Hibernate: select pessoa0_.id as id1_0_0_, pessoa0_.nome as nome2_0_0_ from pessoa pessoa0_ where pessoa0_.id=?
]]></system-out>
  <system-err><![CDATA[]]></system-err>
</testsuite>
